# JRE version: OpenJDK Runtime Environment (8.0_76-b03) (build 1.8.0_76-release-b03)
# Java VM: OpenJDK 64-Bit Server VM (25.76-b03 mixed mode windows-amd64 compressed oops)
Heap:
 PSYoungGen      total 57344K, used 25422K [0x00000000eab00000, 0x00000000eee00000, 0x0000000100000000)
  eden space 48640K, 34% used [0x00000000eab00000,0x00000000ebb58308,0x00000000eda80000)
  from space 8704K, 99% used [0x00000000eda80000,0x00000000ee2fb640,0x00000000ee300000)
  to   space 8192K, 0% used [0x00000000ee300000,0x00000000ee300000,0x00000000eeb00000)
 ParOldGen       total 25088K, used 17834K [0x00000000c0000000, 0x00000000c1880000, 0x00000000eab00000)
  object space 25088K, 71% used [0x00000000c0000000,0x00000000c116a950,0x00000000c1880000)
 Metaspace       used 6186K, capacity 7216K, committed 7296K, reserved 1058816K
  class space    used 564K, capacity 616K, committed 640K, reserved 1048576K
GC Heap History (10 events):
Event: 5.091 GC heap before
{Heap before GC invocations=4 (full 1):
 PSYoungGen      total 18944K, used 18912K [0x00000000eab00000, 0x00000000ec980000, 0x0000000100000000)
  eden space 16384K, 100% used [0x00000000eab00000,0x00000000ebb00000,0x00000000ebb00000)
  from space 2560K, 98% used [0x00000000ebd80000,0x00000000ebff8018,0x00000000ec000000)
  to   space 2560K, 0% used [0x00000000ebb00000,0x00000000ebb00000,0x00000000ebd80000)
 ParOldGen       total 25088K, used 2973K [0x00000000c0000000, 0x00000000c1880000, 0x00000000eab00000)
  object space 25088K, 11% used [0x00000000c0000000,0x00000000c02e74d0,0x00000000c1880000)
 Metaspace       used 5936K, capacity 7024K, committed 7296K, reserved 1058816K
  class space    used 564K, capacity 616K, committed 640K, reserved 1048576K
Event: 5.111 GC heap after
Heap after GC invocations=4 (full 1):
 PSYoungGen      total 18944K, used 2528K [0x00000000eab00000, 0x00000000eca80000, 0x0000000100000000)
  eden space 16384K, 0% used [0x00000000eab00000,0x00000000eab00000,0x00000000ebb00000)
  from space 2560K, 98% used [0x00000000ebb00000,0x00000000ebd78028,0x00000000ebd80000)
  to   space 2560K, 0% used [0x00000000ec800000,0x00000000ec800000,0x00000000eca80000)
 ParOldGen       total 25088K, used 5262K [0x00000000c0000000, 0x00000000c1880000, 0x00000000eab00000)
  object space 25088K, 20% used [0x00000000c0000000,0x00000000c05239f8,0x00000000c1880000)
 Metaspace       used 5936K, capacity 7024K, committed 7296K, reserved 1058816K
  class space    used 564K, capacity 616K, committed 640K, reserved 1048576K
}
Event: 5.460 GC heap before
{Heap before GC invocations=5 (full 1):
 PSYoungGen      total 18944K, used 18912K [0x00000000eab00000, 0x00000000eca80000, 0x0000000100000000)
  eden space 16384K, 100% used [0x00000000eab00000,0x00000000ebb00000,0x00000000ebb00000)
  from space 2560K, 98% used [0x00000000ebb00000,0x00000000ebd78028,0x00000000ebd80000)
  to   space 2560K, 0% used [0x00000000ec800000,0x00000000ec800000,0x00000000eca80000)
 ParOldGen       total 25088K, used 5262K [0x00000000c0000000, 0x00000000c1880000, 0x00000000eab00000)
  object space 25088K, 20% used [0x00000000c0000000,0x00000000c05239f8,0x00000000c1880000)
 Metaspace       used 6019K, capacity 7088K, committed 7296K, reserved 1058816K
  class space    used 564K, capacity 616K, committed 640K, reserved 1048576K
Event: 5.512 GC heap after
Heap after GC invocations=5 (full 1):
 PSYoungGen      total 29696K, used 2528K [0x00000000eab00000, 0x00000000ecc80000, 0x0000000100000000)
  eden space 27136K, 0% used [0x00000000eab00000,0x00000000eab00000,0x00000000ec580000)
  from space 2560K, 98% used [0x00000000ec800000,0x00000000eca78028,0x00000000eca80000)
  to   space 2560K, 0% used [0x00000000ec580000,0x00000000ec580000,0x00000000ec800000)
 ParOldGen       total 25088K, used 7783K [0x00000000c0000000, 0x00000000c1880000, 0x00000000eab00000)
  object space 25088K, 31% used [0x00000000c0000000,0x00000000c0799e68,0x00000000c1880000)
 Metaspace       used 6019K, capacity 7088K, committed 7296K, reserved 1058816K
  class space    used 564K, capacity 616K, committed 640K, reserved 1048576K
}
Event: 6.155 GC heap before
{Heap before GC invocations=6 (full 1):
 PSYoungGen      total 29696K, used 29664K [0x00000000eab00000, 0x00000000ecc80000, 0x0000000100000000)
  eden space 27136K, 100% used [0x00000000eab00000,0x00000000ec580000,0x00000000ec580000)
  from space 2560K, 98% used [0x00000000ec800000,0x00000000eca78028,0x00000000eca80000)
  to   space 2560K, 0% used [0x00000000ec580000,0x00000000ec580000,0x00000000ec800000)
 ParOldGen       total 25088K, used 7783K [0x00000000c0000000, 0x00000000c1880000, 0x00000000eab00000)
  object space 25088K, 31% used [0x00000000c0000000,0x00000000c0799e68,0x00000000c1880000)
 Metaspace       used 6103K, capacity 7152K, committed 7296K, reserved 1058816K
  class space    used 564K, capacity 616K, committed 640K, reserved 1048576K
Event: 6.224 GC heap after
Heap after GC invocations=6 (full 1):
 PSYoungGen      total 29696K, used 2528K [0x00000000eab00000, 0x00000000eeb00000, 0x0000000100000000)
  eden space 27136K, 0% used [0x00000000eab00000,0x00000000eab00000,0x00000000ec580000)
  from space 2560K, 98% used [0x00000000ec580000,0x00000000ec7f8018,0x00000000ec800000)
  to   space 8192K, 0% used [0x00000000ee300000,0x00000000ee300000,0x00000000eeb00000)
 ParOldGen       total 25088K, used 12368K [0x00000000c0000000, 0x00000000c1880000, 0x00000000eab00000)
  object space 25088K, 49% used [0x00000000c0000000,0x00000000c0c141e0,0x00000000c1880000)
 Metaspace       used 6103K, capacity 7152K, committed 7296K, reserved 1058816K
  class space    used 564K, capacity 616K, committed 640K, reserved 1048576K
}
Event: 6.715 GC heap before
{Heap before GC invocations=7 (full 1):
 PSYoungGen      total 29696K, used 29664K [0x00000000eab00000, 0x00000000eeb00000, 0x0000000100000000)
  eden space 27136K, 100% used [0x00000000eab00000,0x00000000ec580000,0x00000000ec580000)
  from space 2560K, 98% used [0x00000000ec580000,0x00000000ec7f8018,0x00000000ec800000)
  to   space 8192K, 0% used [0x00000000ee300000,0x00000000ee300000,0x00000000eeb00000)
 ParOldGen       total 25088K, used 12368K [0x00000000c0000000, 0x00000000c1880000, 0x00000000eab00000)
  object space 25088K, 49% used [0x00000000c0000000,0x00000000c0c141e0,0x00000000c1880000)
 Metaspace       used 6130K, capacity 7152K, committed 7296K, reserved 1058816K
  class space    used 564K, capacity 616K, committed 640K, reserved 1048576K
Event: 6.880 GC heap after
Heap after GC invocations=7 (full 1):
 PSYoungGen      total 56832K, used 6919K [0x00000000eab00000, 0x00000000eee00000, 0x0000000100000000)
  eden space 48640K, 0% used [0x00000000eab00000,0x00000000eab00000,0x00000000eda80000)
  from space 8192K, 84% used [0x00000000ee300000,0x00000000ee9c1c30,0x00000000eeb00000)
  to   space 8704K, 0% used [0x00000000eda80000,0x00000000eda80000,0x00000000ee300000)
 ParOldGen       total 25088K, used 12376K [0x00000000c0000000, 0x00000000c1880000, 0x00000000eab00000)
  object space 25088K, 49% used [0x00000000c0000000,0x00000000c0c161e0,0x00000000c1880000)
 Metaspace       used 6130K, capacity 7152K, committed 7296K, reserved 1058816K
  class space    used 564K, capacity 616K, committed 640K, reserved 1048576K
}
Event: 7.673 GC heap before
{Heap before GC invocations=8 (full 1):
 PSYoungGen      total 56832K, used 55559K [0x00000000eab00000, 0x00000000eee00000, 0x0000000100000000)
  eden space 48640K, 100% used [0x00000000eab00000,0x00000000eda80000,0x00000000eda80000)
  from space 8192K, 84% used [0x00000000ee300000,0x00000000ee9c1c30,0x00000000eeb00000)
  to   space 8704K, 0% used [0x00000000eda80000,0x00000000eda80000,0x00000000ee300000)
 ParOldGen       total 25088K, used 12376K [0x00000000c0000000, 0x00000000c1880000, 0x00000000eab00000)
  object space 25088K, 49% used [0x00000000c0000000,0x00000000c0c161e0,0x00000000c1880000)
 Metaspace       used 6176K, capacity 7216K, committed 7296K, reserved 1058816K
  class space    used 564K, capacity 616K, committed 640K, reserved 1048576K
Event: 7.801 GC heap after
Heap after GC invocations=8 (full 1):
 PSYoungGen      total 57344K, used 8685K [0x00000000eab00000, 0x00000000eee00000, 0x0000000100000000)
  eden space 48640K, 0% used [0x00000000eab00000,0x00000000eab00000,0x00000000eda80000)
  from space 8704K, 99% used [0x00000000eda80000,0x00000000ee2fb640,0x00000000ee300000)
  to   space 8192K, 0% used [0x00000000ee300000,0x00000000ee300000,0x00000000eeb00000)
 ParOldGen       total 25088K, used 17834K [0x00000000c0000000, 0x00000000c1880000, 0x00000000eab00000)
  object space 25088K, 71% used [0x00000000c0000000,0x00000000c116a950,0x00000000c1880000)
 Metaspace       used 6176K, capacity 7216K, committed 7296K, reserved 1058816K
  class space    used 564K, capacity 616K, committed 640K, reserved 1048576K
}

